<?xml version="1.0" encoding="UTF-8"?>
<testng-results skipped="0" failed="0" total="1" passed="1">
  <reporter-output>
  </reporter-output>
  <suite name="Default suite" duration-ms="20443" started-at="2020-05-17T17:44:16Z" finished-at="2020-05-17T17:44:36Z">
    <groups>
    </groups>
    <test name="Default test" duration-ms="20443" started-at="2020-05-17T17:44:16Z" finished-at="2020-05-17T17:44:36Z">
      <class name="com.training.sanity.tests.UNF_031ValidateLogin">
        <test-method status="PASS" signature="setUpBeforeClass()[pri:0, instance:com.training.sanity.tests.UNF_031ValidateLogin@5419f379]" name="setUpBeforeClass" is-config="true" duration-ms="16" started-at="2020-05-17T23:14:16Z" finished-at="2020-05-17T23:14:16Z">
          <reporter-output>
          </reporter-output>
        </test-method> <!-- setUpBeforeClass -->
        <test-method status="PASS" signature="setUp()[pri:0, instance:com.training.sanity.tests.UNF_031ValidateLogin@5419f379]" name="setUp" is-config="true" duration-ms="15605" started-at="2020-05-17T23:14:16Z" finished-at="2020-05-17T23:14:31Z">
          <reporter-output>
          </reporter-output>
        </test-method> <!-- setUp -->
        <test-method status="PASS" signature="myAccounLoginValidate()[pri:0, instance:com.training.sanity.tests.UNF_031ValidateLogin@5419f379]" name="myAccounLoginValidate" duration-ms="2991" started-at="2020-05-17T23:14:31Z" finished-at="2020-05-17T23:14:34Z">
          <reporter-output>
          </reporter-output>
        </test-method> <!-- myAccounLoginValidate -->
        <test-method status="PASS" signature="tearDown()[pri:0, instance:com.training.sanity.tests.UNF_031ValidateLogin@5419f379]" name="tearDown" is-config="true" duration-ms="1810" started-at="2020-05-17T23:14:34Z" finished-at="2020-05-17T23:14:36Z">
          <reporter-output>
          </reporter-output>
        </test-method> <!-- tearDown -->
      </class> <!-- com.training.sanity.tests.UNF_031ValidateLogin -->
    </test> <!-- Default test -->
  </suite> <!-- Default suite -->
</testng-results>
